<?xml version="1.0" encoding="UTF-8"?>
<testng-results ignored="0" total="1" passed="1" failed="0" skipped="0">
  <reporter-output>
  </reporter-output>
  <suite started-at="2024-08-14T14:25:06 IST" name="Default suite" finished-at="2024-08-14T14:25:06 IST" duration-ms="63">
    <groups>
    </groups>
    <test started-at="2024-08-14T14:25:06 IST" name="Default test" finished-at="2024-08-14T14:25:06 IST" duration-ms="63">
      <class name="Git_Repository.GitDemo1">
        <test-method signature="reverse()[pri:0, instance:Git_Repository.GitDemo1@2f7c2f4f]" started-at="2024-08-14T14:25:06 IST" name="reverse" finished-at="2024-08-14T14:25:06 IST" duration-ms="9" status="PASS">
          <reporter-output>
          </reporter-output>
        </test-method> <!-- reverse -->
      </class> <!-- Git_Repository.GitDemo1 -->
    </test> <!-- Default test -->
  </suite> <!-- Default suite -->
</testng-results>
